<?xml version="1.0" encoding="UTF-8"?>
<!-- Generated by org.testng.reporters.JUnitReportReporter -->
<testsuite hostname="LMPITSJ8NH6Q3" failures="0" tests="1" name="tests.homePageTest.validateHomepageElementTest" time="1.523" errors="0" timestamp="2023-01-18T18:29:22 IST" skipped="0">
  <testcase classname="tests.homePageTest.validateHomepageElementTest" name="validateHomepageEleText" time="1.523"/>
  <system-out/>
</testsuite> <!-- tests.homePageTest.validateHomepageElementTest -->
