<?xml version="1.0" encoding="UTF-8"?>
<!-- Generated by org.testng.reporters.JUnitReportReporter -->
<testsuite hostname="LMPITSJ8NH6Q3" failures="0" tests="2" name="tests.userTest.homePageTest.UserMenuTest" time="8.166" errors="0" timestamp="2023-02-21T21:46:51 IST" skipped="0">
  <testcase classname="tests.userTest.homePageTest.UserMenuTest" name="validateUserNameText" time="7.739"/>
  <system-out/>
  <testcase classname="tests.userTest.homePageTest.UserMenuTest" name="validateMenuOption" time="0.427"/>
  <system-out/>
</testsuite> <!-- tests.userTest.homePageTest.UserMenuTest -->
