<?xml version="1.0" encoding="UTF-8"?>
<!-- Generated by org.testng.reporters.JUnitReportReporter -->
<testsuite hostname="LMPITSJ8NH6Q3" failures="0" tests="1" name="tests.userTest.dashboardTest.holidayPlanTest.HolidayPlanTest" time="23.332" errors="0" timestamp="2023-02-21T22:58:04 IST" skipped="0">
  <testcase classname="tests.userTest.dashboardTest.holidayPlanTest.HolidayPlanTest" name="validateHolidayList" time="23.332"/>
  <system-out/>
</testsuite> <!-- tests.userTest.dashboardTest.holidayPlanTest.HolidayPlanTest -->
