<?xml version="1.0" encoding="UTF-8"?>
<!-- Generated by org.testng.reporters.JUnitReportReporter -->
<testsuite hostname="LMPITSJ8NH6Q3" failures="0" tests="2" name="tests.userTest.dashboardTest.SVPendingActionTest.SVPendingActionTest" time="3.345" errors="0" timestamp="2023-02-09T17:32:35 IST" skipped="0">
  <testcase classname="tests.userTest.dashboardTest.SVPendingActionTest.SVPendingActionTest" name="validateSVPendingActionItems" time="3.208"/>
  <system-out/>
  <testcase classname="tests.userTest.dashboardTest.SVPendingActionTest.SVPendingActionTest" name="getSVpendingCount" time="0.137"/>
  <system-out/>
</testsuite> <!-- tests.userTest.dashboardTest.SVPendingActionTest.SVPendingActionTest -->
