<?xml version="1.0" encoding="UTF-8"?>
<!-- Generated by org.testng.reporters.JUnitReportReporter -->
<testsuite hostname="LMPITSJ8NH6Q3" failures="0" tests="1" name="tests.userTest.loginTest.LoginTest" time="15.321" errors="0" timestamp="2023-02-21T10:15:04 IST" skipped="0">
  <testcase classname="tests.userTest.loginTest.LoginTest" name="validateUserLogin" time="15.321"/>
  <system-out/>
</testsuite> <!-- tests.userTest.loginTest.LoginTest -->
