<?xml version="1.0" encoding="UTF-8"?>
<!-- Generated by org.testng.reporters.JUnitReportReporter -->
<testsuite hostname="LMPITSJ8NH6Q3" failures="0" tests="1" name="tests.homePageTest.validateSearchEmpTest" time="8.888" errors="0" timestamp="2023-02-15T17:56:00 IST" skipped="0">
  <testcase classname="tests.homePageTest.validateSearchEmpTest" name="validateSearchEmpDetails" time="8.888"/>
  <system-out/>
</testsuite> <!-- tests.homePageTest.validateSearchEmpTest -->
