<?xml version="1.0" encoding="UTF-8"?>
<!-- Generated by org.testng.reporters.JUnitReportReporter -->
<testsuite hostname="LMPITSJ8NH6Q3" failures="0" tests="1" name="tests.loginTest.LoginTest" time="17.846" errors="0" timestamp="2023-02-13T14:18:04 IST" skipped="0">
  <testcase classname="tests.loginTest.LoginTest" name="validateUserLogin" time="17.846"/>
  <system-out/>
</testsuite> <!-- tests.loginTest.LoginTest -->
