<?xml version="1.0" encoding="UTF-8"?>
<!-- Generated by org.testng.reporters.JUnitReportReporter -->
<testsuite hostname="LMPITSJ8NH6Q3" failures="0" tests="3" name="tests.userTest.dashboardTest.SVPendingActionTest.activeAttendanceTest.ActiveAttendanceTest" time="14.376" errors="0" timestamp="2023-02-15T16:40:14 IST" skipped="0">
  <testcase classname="tests.userTest.dashboardTest.SVPendingActionTest.activeAttendanceTest.ActiveAttendanceTest" name="verifyActiveAttendanceText" time="3.150"/>
  <system-out/>
  <testcase classname="tests.userTest.dashboardTest.SVPendingActionTest.activeAttendanceTest.ActiveAttendanceTest" name="validateStatusColor" time="11.175"/>
  <system-out/>
  <testcase classname="tests.userTest.dashboardTest.SVPendingActionTest.activeAttendanceTest.ActiveAttendanceTest" name="validatePayrollList" time="0.051"/>
  <system-out/>
</testsuite> <!-- tests.userTest.dashboardTest.SVPendingActionTest.activeAttendanceTest.ActiveAttendanceTest -->
