<?xml version="1.0" encoding="UTF-8"?>
<!-- Generated by org.testng.reporters.JUnitReportReporter -->
<testsuite hostname="LMPITSJ8NH6Q3" failures="0" tests="1" name="tests.loginTest.CalenderHandle" time="5.076" errors="0" timestamp="2023-01-23T14:15:54 IST" skipped="0">
  <testcase classname="tests.loginTest.CalenderHandle" name="calenderTest" time="5.076"/>
  <system-out/>
</testsuite> <!-- tests.loginTest.CalenderHandle -->
