<?xml version="1.0" encoding="UTF-8"?>
<!-- Generated by org.testng.reporters.JUnitReportReporter -->
<testsuite hostname="LMPITSJ8NH6Q3" failures="0" tests="3" name="tests.homePageTest.UserMenuTest" time="3.908" errors="0" timestamp="2023-02-15T20:38:08 IST" skipped="0">
  <testcase classname="tests.homePageTest.UserMenuTest" name="validateUserNameText" time="3.290"/>
  <system-out/>
  <testcase classname="tests.homePageTest.UserMenuTest" name="validateMenuOption" time="0.255"/>
  <system-out/>
  <testcase classname="tests.homePageTest.UserMenuTest" name="validateMyProfile" time="0.363"/>
  <system-out/>
</testsuite> <!-- tests.homePageTest.UserMenuTest -->
